<?xml version="1.0" encoding="UTF-8"?>
<!-- Generated by org.testng.reporters.JUnitReportReporter -->
<testsuite hostname="DDC5-D-4R06T72" name="com.action.demo.FirefoxDemo" tests="1" failures="0" timestamp="11 Sep 2018 11:28:29 GMT" time="0.992" errors="0">
  <testcase name="f" time="0.992" classname="com.action.demo.FirefoxDemo"/>
</testsuite> <!-- com.action.demo.FirefoxDemo -->
