<?xml version="1.0" encoding="UTF-8"?>
<!-- Generated by org.testng.reporters.JUnitReportReporter -->
<testsuite hostname="DDC5-D-4R06T72" name="com.action.demo.ExtentionDemo" tests="1" failures="0" timestamp="12 Sep 2018 04:32:06 GMT" time="0.006" errors="0">
  <testcase name="f" time="0.006" classname="com.action.demo.ExtentionDemo"/>
</testsuite> <!-- com.action.demo.ExtentionDemo -->
