<?xml version="1.0" encoding="UTF-8"?>
<!-- Generated by org.testng.reporters.JUnitReportReporter -->
<testsuite hostname="DDC5-D-4R06T72" name="com.action.demo.JavaScriptExecutorDemo" tests="1" failures="0" timestamp="11 Sep 2018 10:40:48 GMT" time="4.757" errors="0">
  <testcase name="f" time="4.757" classname="com.action.demo.JavaScriptExecutorDemo"/>
</testsuite> <!-- com.action.demo.JavaScriptExecutorDemo -->
