<?xml version="1.0" encoding="UTF-8"?>
<!-- Generated by org.testng.reporters.JUnitReportReporter -->
<testsuite hostname="DDC5-D-4R06T72" name="com.action.demo.ActionDemo" tests="1" failures="0" timestamp="13 Sep 2018 07:01:15 GMT" time="2.134" errors="0">
  <testcase name="resizableOperation" time="2.134" classname="com.action.demo.ActionDemo"/>
</testsuite> <!-- com.action.demo.ActionDemo -->
