<?xml version="1.0" encoding="UTF-8"?>
<!-- Generated by org.testng.reporters.JUnitReportReporter -->
<testsuite hostname="DDC5-D-4R06T72" name="com.action.demo.FrameDemo" tests="1" failures="0" timestamp="13 Sep 2018 07:01:15 GMT" time="3.293" errors="0">
  <testcase name="verifyForMultipleFrames" time="3.293" classname="com.action.demo.FrameDemo"/>
</testsuite> <!-- com.action.demo.FrameDemo -->
